Arguments: 
  /Users/wangjinlong/.nvm/versions/node/v14.9.0/bin/node /Users/wangjinlong/.nvm/versions/node/v14.9.0/bin/yarn init

PATH: 
  /Users/wangjinlong/.nvm/versions/node/v14.9.0/bin:/Library/Frameworks/Python.framework/Versions/3.7/bin:/usr/local/Cellar/mysql/8.0.13/bin:/Users/wangjinlong/.deno/bin:/Applications/flutter/bin:/Users/wangjinlong/.cargo/bin:/Applications/flutter/bin:/Applications/apache-maven-3.6.0/bin:/Library/Frameworks/Python.framework/Versions/3.8/bin:/usr/local/bin:/usr/bin:/bin:/usr/sbin:/sbin:/usr/local/go/bin:/Library/Apple/usr/bin:/Users/wangjinlong/.cargo/bin:/Users/wangjinlong/.pub-cache/bin:/Applications/flutter/bin:/Applications/apache-maven-3.6.0/bin:/Library/Frameworks/Python.framework/Versions/3.8/bin:/usr/local/bin:/usr/bin:/bin:/usr/sbin:/sbin:/usr/local/go/bin:/Library/Apple/usr/bin:/Users/wangjinlong/.cargo/bin:/Users/wangjinlong/.pub-cache/bin:/Applications/dart-sdk/bin:/Users/wangjinlong/.rvm/bin

Yarn version: 
  1.22.17

Node version: 
  14.9.0

Platform: 
  darwin x64

Trace: 
  Error: canceled
      at Interface.<anonymous> (/Users/wangjinlong/.nvm/versions/node/v14.9.0/lib/node_modules/yarn/lib/cli.js:137143:13)
      at Interface.emit (events.js:314:20)
      at Interface._ttyWrite (readline.js:875:16)
      at ReadStream.onkeypress (readline.js:213:10)
      at ReadStream.emit (events.js:314:20)
      at emitKeys (internal/readline/utils.js:335:14)
      at emitKeys.next (<anonymous>)
      at ReadStream.onData (readline.js:1144:36)
      at ReadStream.emit (events.js:314:20)
      at addChunk (_stream_readable.js:303:12)

npm manifest: 
  No manifest

yarn manifest: 
  No manifest

Lockfile: 
  No lockfile
